0:0:0:0:0:0:0:1 - - [22/Oct/2020:13:49:33 +0300] "GET /api HTTP/1.1" 302 -
0:0:0:0:0:0:0:1 - - [22/Oct/2020:13:49:33 +0300] "GET /swagger-ui/index.html?configUrl=/v3/api-docs/swagger-config HTTP/1.1" 200 1524
0:0:0:0:0:0:0:1 - - [22/Oct/2020:13:49:33 +0300] "GET /swagger-ui/swagger-ui.css HTTP/1.1" 200 142933
0:0:0:0:0:0:0:1 - - [22/Oct/2020:13:49:33 +0300] "GET /swagger-ui/swagger-ui-standalone-preset.js HTTP/1.1" 200 311804
0:0:0:0:0:0:0:1 - - [22/Oct/2020:13:49:33 +0300] "GET /swagger-ui/swagger-ui-bundle.js HTTP/1.1" 200 986342
0:0:0:0:0:0:0:1 - - [22/Oct/2020:13:49:34 +0300] "GET /swagger-ui/favicon-32x32.png HTTP/1.1" 200 628
0:0:0:0:0:0:0:1 - - [22/Oct/2020:13:49:34 +0300] "GET /v3/api-docs/swagger-config HTTP/1.1" 200 169
0:0:0:0:0:0:0:1 - - [22/Oct/2020:13:49:34 +0300] "GET /v3/api-docs/swagger-config HTTP/1.1" 200 169
0:0:0:0:0:0:0:1 - - [22/Oct/2020:13:49:34 +0300] "GET /v3/api-docs HTTP/1.1" 200 16666
0:0:0:0:0:0:0:1 - - [22/Oct/2020:13:49:34 +0300] "GET /v3/api-docs HTTP/1.1" 200 16666
0:0:0:0:0:0:0:1 - - [22/Oct/2020:13:49:44 +0300] "GET /swagger-ui/favicon-32x32.png HTTP/1.1" 200 628
0:0:0:0:0:0:0:1 - - [22/Oct/2020:13:49:55 +0300] "GET /swagger-ui/favicon-32x32.png HTTP/1.1" 200 628
0:0:0:0:0:0:0:1 - - [22/Oct/2020:13:50:02 +0300] "GET /swagger-ui/favicon-32x32.png HTTP/1.1" 200 628
0:0:0:0:0:0:0:1 - - [22/Oct/2020:13:50:06 +0300] "GET /swagger-ui/favicon-32x32.png HTTP/1.1" 200 628
0:0:0:0:0:0:0:1 - - [22/Oct/2020:13:50:10 +0300] "GET /swagger-ui/favicon-32x32.png HTTP/1.1" 200 628
0:0:0:0:0:0:0:1 - - [22/Oct/2020:13:50:12 +0300] "GET /swagger-ui/favicon-32x32.png HTTP/1.1" 200 628
0:0:0:0:0:0:0:1 - - [22/Oct/2020:13:50:15 +0300] "GET /swagger-ui/favicon-32x32.png HTTP/1.1" 200 628
0:0:0:0:0:0:0:1 - - [22/Oct/2020:13:50:17 +0300] "GET /swagger-ui/favicon-32x32.png HTTP/1.1" 200 628
0:0:0:0:0:0:0:1 - - [22/Oct/2020:13:50:18 +0300] "GET /swagger-ui/favicon-32x32.png HTTP/1.1" 200 628
0:0:0:0:0:0:0:1 - - [22/Oct/2020:13:50:20 +0300] "GET /swagger-ui/favicon-32x32.png HTTP/1.1" 200 628
0:0:0:0:0:0:0:1 - - [22/Oct/2020:13:50:25 +0300] "GET /swagger-ui/favicon-32x32.png HTTP/1.1" 200 628
0:0:0:0:0:0:0:1 - - [22/Oct/2020:13:50:27 +0300] "GET /swagger-ui/favicon-32x32.png HTTP/1.1" 200 628
0:0:0:0:0:0:0:1 - - [22/Oct/2020:13:52:25 +0300] "GET /api/v1/timesheets/1 HTTP/1.1" 500 143
0:0:0:0:0:0:0:1 - - [22/Oct/2020:13:52:31 +0300] "GET /swagger-ui/favicon-32x32.png HTTP/1.1" 200 628
0:0:0:0:0:0:0:1 - - [22/Oct/2020:13:52:39 +0300] "GET /swagger-ui/favicon-32x32.png HTTP/1.1" 200 628
0:0:0:0:0:0:0:1 - - [22/Oct/2020:13:52:50 +0300] "POST /api/v1/auth/login HTTP/1.1" 200 235
0:0:0:0:0:0:0:1 - - [22/Oct/2020:13:53:23 +0300] "GET /swagger-ui/favicon-32x32.png HTTP/1.1" 200 628
0:0:0:0:0:0:0:1 - - [22/Oct/2020:13:53:44 +0300] "GET /swagger-ui/favicon-32x32.png HTTP/1.1" 200 628
0:0:0:0:0:0:0:1 - - [22/Oct/2020:13:53:46 +0300] "GET /api/v1/timesheets/1 HTTP/1.1" 200 848
0:0:0:0:0:0:0:1 - - [22/Oct/2020:13:53:57 +0300] "GET /api/v1/timesheets/-1 HTTP/1.1" 404 78
0:0:0:0:0:0:0:1 - - [22/Oct/2020:13:54:21 +0300] "GET /api/v1/timesheets/999 HTTP/1.1" 404 79
0:0:0:0:0:0:0:1 - - [22/Oct/2020:13:56:02 +0300] "GET / HTTP/1.1" 404 287
0:0:0:0:0:0:0:1 - - [22/Oct/2020:13:56:02 +0300] "GET /favicon.ico HTTP/1.1" 404 123
